Start testing: Nov 16 22:40 CET
----------------------------------------------------------
1/1 Testing: tests
1/1 Test: tests
Command: "/home/rafal/Desktop/UWr/PARO/paro-tdd/build/sample_test"
Directory: /home/rafal/Desktop/UWr/PARO/paro-tdd/build
"tests" start time: Nov 16 22:40 CET
Output:
----------------------------------------------------------
Running main() from gmock_main.cc
[==========] Running 8 tests from 6 test suites.
[----------] Global test environment set-up.
[----------] 1 test from EnvironmentTest
[ RUN      ] EnvironmentTest.TestFailedSuccesfully
/home/rafal/Desktop/UWr/PARO/paro-tdd/src/testZero.cpp:5: Failure
Value of: false
  Actual: false
Expected: true

[  FAILED  ] EnvironmentTest.TestFailedSuccesfully (0 ms)
[----------] 1 test from EnvironmentTest (0 ms total)

[----------] 2 tests from environmentTest
[ RUN      ] environmentTest.passingTest
[       OK ] environmentTest.passingTest (0 ms)
[ RUN      ] environmentTest.mockPassingTest
[       OK ] environmentTest.mockPassingTest (0 ms)
[----------] 2 tests from environmentTest (0 ms total)

[----------] 1 test from Fixture
[ RUN      ] Fixture.testUsingFixture
[       OK ] Fixture.testUsingFixture (0 ms)
[----------] 1 test from Fixture (0 ms total)

[----------] 1 test from ThrowingExceptions
[ RUN      ] ThrowingExceptions.exceptionThrownWhenFunctionExceptionalFuncCalled
[       OK ] ThrowingExceptions.exceptionThrownWhenFunctionExceptionalFuncCalled (0 ms)
[----------] 1 test from ThrowingExceptions (0 ms total)

[----------] 1 test from ComplicatedTest
[ RUN      ] ComplicatedTest.checkXAndYEqual0
[       OK ] ComplicatedTest.checkXAndYEqual0 (0 ms)
[----------] 1 test from ComplicatedTest (0 ms total)

[----------] 2 tests from ParametricInstatiation/ParametricTests
[ RUN      ] ParametricInstatiation/ParametricTests.aTest/0
[       OK ] ParametricInstatiation/ParametricTests.aTest/0 (0 ms)
[ RUN      ] ParametricInstatiation/ParametricTests.aTest/1
[       OK ] ParametricInstatiation/ParametricTests.aTest/1 (0 ms)
[----------] 2 tests from ParametricInstatiation/ParametricTests (0 ms total)

[----------] Global test environment tear-down
[==========] 8 tests from 6 test suites ran. (0 ms total)
[  PASSED  ] 7 tests.
[  FAILED  ] 1 test, listed below:
[  FAILED  ] EnvironmentTest.TestFailedSuccesfully

 1 FAILED TEST
<end of output>
Test time =   0.00 sec
----------------------------------------------------------
Test Failed.
"tests" end time: Nov 16 22:40 CET
"tests" time elapsed: 00:00:00
----------------------------------------------------------

End testing: Nov 16 22:40 CET
