Start testing: Nov 07 17:22 CET
----------------------------------------------------------
2/6 Testing: task2-leak-array
2/6 Test: task2-leak-array
Command: "/usr/bin/valgrind" "--tool=memcheck" "--leak-check=full" "--error-exitcode=1" "--errors-for-leak-kinds=all" "./example_leak_array"
Directory: /home/rafal/Desktop/UWr/PARO/memory-managment/exercises/build
"task2-leak-array" start time: Nov 07 17:22 CET
Output:
----------------------------------------------------------
==54838== Memcheck, a memory error detector
==54838== Copyright (C) 2002-2017, and GNU GPL'd, by Julian Seward et al.
==54838== Using Valgrind-3.18.1 and LibVEX; rerun with -h for copyright info
==54838== Command: ./example_leak_array
==54838== 
32 elements: [ 0 12 24 36 48 60 72 84 96 108 120 132 144 156 168 180 192 204 216 228 240 252 264 276 288 300 312 324 336 348 360 372 ]
==54838== 
==54838== HEAP SUMMARY:
==54838==     in use at exit: 0 bytes in 0 blocks
==54838==   total heap usage: 35 allocs, 35 frees, 77,184 bytes allocated
==54838== 
==54838== All heap blocks were freed -- no leaks are possible
==54838== 
==54838== For lists of detected and suppressed errors, rerun with: -s
==54838== ERROR SUMMARY: 0 errors from 0 contexts (suppressed: 0 from 0)
<end of output>
Test time =   0.67 sec
----------------------------------------------------------
Test Passed.
"task2-leak-array" end time: Nov 07 17:22 CET
"task2-leak-array" time elapsed: 00:00:00
----------------------------------------------------------

End testing: Nov 07 17:22 CET
